c:\users\lmwlj\desktop\memorybasedbot_kingdomofthewind-master\winb_hack\winb_hack\debug\winb_hack.pch
c:\users\lmwlj\desktop\memorybasedbot_kingdomofthewind-master\winb_hack\winb_hack\debug\vc143.pdb
c:\users\lmwlj\desktop\memorybasedbot_kingdomofthewind-master\winb_hack\winb_hack\debug\vc143.idb
c:\users\lmwlj\desktop\memorybasedbot_kingdomofthewind-master\winb_hack\winb_hack\debug\stdafx.obj
c:\users\lmwlj\desktop\memorybasedbot_kingdomofthewind-master\winb_hack\winb_hack\debug\properties.obj
c:\users\lmwlj\desktop\memorybasedbot_kingdomofthewind-master\winb_hack\winb_hack\debug\hooks.obj
c:\users\lmwlj\desktop\memorybasedbot_kingdomofthewind-master\winb_hack\winb_hack\debug\dllmain.obj
c:\users\lmwlj\desktop\memorybasedbot_kingdomofthewind-master\winb_hack\winb_hack\debug\winb_hack.obj
c:\users\lmwlj\desktop\memorybasedbot_kingdomofthewind-master\winb_hack\winb_hack\debug\macro.obj
c:\users\lmwlj\desktop\memorybasedbot_kingdomofthewind-master\winb_hack\winb_hack\debug\bytebuffer.obj
c:\users\lmwlj\desktop\memorybasedbot_kingdomofthewind-master\winb_hack\winb_hack\debug\asm.obj
c:\users\lmwlj\desktop\memorybasedbot_kingdomofthewind-master\winb_hack\winb_hack\debug\client.obj
c:\users\lmwlj\desktop\memorybasedbot_kingdomofthewind-master\winb_hack\winb_hack\debug\winb_hack.ilk
c:\users\lmwlj\desktop\memorybasedbot_kingdomofthewind-master\winb_hack\debug\winb_hack.pdb
c:\users\lmwlj\desktop\memorybasedbot_kingdomofthewind-master\winb_hack\debug\winb_hack.dll
c:\users\lmwlj\desktop\memorybasedbot_kingdomofthewind-master\winb_hack\winb_hack\debug\winb_hack.tlog\cl.command.1.tlog
c:\users\lmwlj\desktop\memorybasedbot_kingdomofthewind-master\winb_hack\winb_hack\debug\winb_hack.tlog\cl.items.tlog
c:\users\lmwlj\desktop\memorybasedbot_kingdomofthewind-master\winb_hack\winb_hack\debug\winb_hack.tlog\cl.read.1.tlog
c:\users\lmwlj\desktop\memorybasedbot_kingdomofthewind-master\winb_hack\winb_hack\debug\winb_hack.tlog\cl.write.1.tlog
c:\users\lmwlj\desktop\memorybasedbot_kingdomofthewind-master\winb_hack\winb_hack\debug\winb_hack.tlog\link.command.1.tlog
c:\users\lmwlj\desktop\memorybasedbot_kingdomofthewind-master\winb_hack\winb_hack\debug\winb_hack.tlog\link.read.1.tlog
c:\users\lmwlj\desktop\memorybasedbot_kingdomofthewind-master\winb_hack\winb_hack\debug\winb_hack.tlog\link.write.1.tlog
