c:\programming\winds-packet\winb_hack\release\winb_hack.pch
c:\programming\winds-packet\winb_hack\release\vc143.pdb
c:\programming\winds-packet\winb_hack\release\stdafx.obj
c:\programming\winds-packet\winb_hack\release\hooks.obj
c:\programming\winds-packet\winb_hack\release\dllmain.obj
c:\programming\winds-packet\winb_hack\release\client.obj
c:\programming\winds-packet\winb_hack\release\macro.obj
c:\programming\winds-packet\winb_hack\release\winb_hack.obj
c:\programming\winds-packet\winb_hack\release\bytebuffer.obj
c:\programming\winds-packet\winb_hack\release\properties.obj
c:\programming\winds-packet\winb_hack\release\asm.obj
c:\programming\winds-packet\release\winb_hack.dll
c:\programming\winds-packet\winb_hack\release\winb_hack.ipdb
c:\programming\winds-packet\winb_hack\release\winb_hack.iobj
c:\programming\winds-packet\release\winb_hack.pdb
c:\programming\winds-packet\winb_hack\release\threadpool.obj
c:\programming\winds-packet\winb_hack\release\winb_hack.tlog\cl.command.1.tlog
c:\programming\winds-packet\winb_hack\release\winb_hack.tlog\cl.items.tlog
c:\programming\winds-packet\winb_hack\release\winb_hack.tlog\cl.read.1.tlog
c:\programming\winds-packet\winb_hack\release\winb_hack.tlog\cl.write.1.tlog
c:\programming\winds-packet\winb_hack\release\winb_hack.tlog\link.command.1.tlog
c:\programming\winds-packet\winb_hack\release\winb_hack.tlog\link.read.1.tlog
c:\programming\winds-packet\winb_hack\release\winb_hack.tlog\link.write.1.tlog
